This file contains any messages produced by compilers while
running configure, to aid debugging if configure makes a mistake.

It was created by pdf2svg configure 0.2.1, which was
generated by GNU Autoconf 2.69.  Invocation command line was

  $ ./configure --prefix=/usr/local

## --------- ##
## Platform. ##
## --------- ##

hostname = buildkitsandbox
uname -m = x86_64
uname -r = 5.4.0-1032-azure
uname -s = Linux
uname -v = #33~18.04.1-Ubuntu SMP Tue Nov 17 11:40:52 UTC 2020

/usr/bin/uname -p = unknown
/bin/uname -X     = unknown

/bin/arch              = x86_64
/usr/bin/arch -k       = unknown
/usr/convex/getsysinfo = unknown
/usr/bin/hostinfo      = unknown
/bin/machine           = unknown
/usr/bin/oslevel       = unknown
/bin/universe          = unknown

PATH: /usr/jekyll/bin
PATH: /usr/local/bundle/bin
PATH: /usr/local/sbin
PATH: /usr/local/bin
PATH: /usr/sbin
PATH: /usr/bin
PATH: /sbin
PATH: /bin


## ----------- ##
## Core tests. ##
## ----------- ##

configure:1859: checking for a BSD-compatible install
configure:1927: result: /usr/bin/install -c
configure:1938: checking whether build environment is sane
configure:1993: result: yes
configure:2031: WARNING: 'missing' script is too old or missing
configure:2144: checking for a thread-safe mkdir -p
configure:2183: result: ./install-sh -c -d
configure:2190: checking for gawk
configure:2220: result: no
configure:2190: checking for mawk
configure:2220: result: no
configure:2190: checking for nawk
configure:2220: result: no
configure:2190: checking for awk
configure:2206: found /usr/bin/awk
configure:2217: result: awk
configure:2228: checking whether make sets $(MAKE)
configure:2250: result: yes
configure:2279: checking whether make supports nested variables
configure:2296: result: yes
configure:2472: checking for gcc
configure:2488: found /usr/bin/gcc
configure:2499: result: gcc
configure:2728: checking for C compiler version
configure:2737: gcc --version >&5
gcc (Alpine 9.3.0) 9.3.0
Copyright (C) 2019 Free Software Foundation, Inc.
This is free software; see the source for copying conditions.  There is NO
warranty; not even for MERCHANTABILITY or FITNESS FOR A PARTICULAR PURPOSE.

configure:2748: $? = 0
configure:2737: gcc -v >&5
Using built-in specs.
COLLECT_GCC=gcc
COLLECT_LTO_WRAPPER=/usr/libexec/gcc/x86_64-alpine-linux-musl/9.3.0/lto-wrapper
Target: x86_64-alpine-linux-musl
Configured with: /home/buildozer/aports/main/gcc/src/gcc-9.3.0/configure --prefix=/usr --mandir=/usr/share/man --infodir=/usr/share/info --build=x86_64-alpine-linux-musl --host=x86_64-alpine-linux-musl --target=x86_64-alpine-linux-musl --with-pkgversion='Alpine 9.3.0' --enable-checking=release --disable-fixed-point --disable-libstdcxx-pch --disable-multilib --disable-nls --disable-werror --disable-symvers --enable-__cxa_atexit --enable-default-pie --enable-default-ssp --enable-cloog-backend --enable-languages=c,c++,objc,fortran,ada --disable-libssp --disable-libmpx --disable-libmudflap --disable-libsanitizer --enable-shared --enable-threads --enable-tls --with-system-zlib --with-linker-hash-style=gnu
Thread model: posix
gcc version 9.3.0 (Alpine 9.3.0) 
configure:2748: $? = 0
configure:2737: gcc -V >&5
gcc: error: unrecognized command line option '-V'
gcc: fatal error: no input files
compilation terminated.
configure:2748: $? = 1
configure:2737: gcc -qversion >&5
gcc: error: unrecognized command line option '-qversion'; did you mean '--version'?
gcc: fatal error: no input files
compilation terminated.
configure:2748: $? = 1
configure:2768: checking whether the C compiler works
configure:2790: gcc    conftest.c  >&5
configure:2794: $? = 0
configure:2842: result: yes
configure:2845: checking for C compiler default output file name
configure:2847: result: a.out
configure:2853: checking for suffix of executables
configure:2860: gcc -o conftest    conftest.c  >&5
configure:2864: $? = 0
configure:2886: result: 
configure:2908: checking whether we are cross compiling
configure:2916: gcc -o conftest    conftest.c  >&5
configure:2920: $? = 0
configure:2927: ./conftest
configure:2931: $? = 0
configure:2946: result: no
configure:2951: checking for suffix of object files
configure:2973: gcc -c   conftest.c >&5
configure:2977: $? = 0
configure:2998: result: o
configure:3002: checking whether we are using the GNU C compiler
configure:3021: gcc -c   conftest.c >&5
configure:3021: $? = 0
configure:3030: result: yes
configure:3039: checking whether gcc accepts -g
configure:3059: gcc -c -g  conftest.c >&5
configure:3059: $? = 0
configure:3100: result: yes
configure:3117: checking for gcc option to accept ISO C89
configure:3180: gcc  -c -g -O2  conftest.c >&5
configure:3180: $? = 0
configure:3193: result: none needed
configure:3218: checking whether gcc understands -c and -o together
configure:3240: gcc -c conftest.c -o conftest2.o
configure:3243: $? = 0
configure:3240: gcc -c conftest.c -o conftest2.o
configure:3243: $? = 0
configure:3255: result: yes
configure:3283: checking for style of include used by make
configure:3311: result: GNU
configure:3337: checking dependency style of gcc
configure:3448: result: gcc3
configure:3466: checking for an ANSI C-conforming const
configure:3532: gcc -c -g -O2  conftest.c >&5
configure:3532: $? = 0
configure:3539: result: yes
configure:3603: checking for pkg-config
configure:3621: found /usr/bin/pkg-config
configure:3633: result: /usr/bin/pkg-config
configure:3658: checking pkg-config is at least version 0.9.0
configure:3661: result: yes
configure:3671: checking for CAIRO
configure:3678: $PKG_CONFIG --exists --print-errors "cairo >= 1.2.6"
configure:3681: $? = 0
configure:3695: $PKG_CONFIG --exists --print-errors "cairo >= 1.2.6"
configure:3698: $? = 0
configure:3756: result: yes
configure:3763: checking for POPPLERGLIB
configure:3770: $PKG_CONFIG --exists --print-errors "poppler-glib >= 0.5.4"
configure:3773: $? = 0
configure:3787: $PKG_CONFIG --exists --print-errors "poppler-glib >= 0.5.4"
configure:3790: $? = 0
configure:3848: result: yes
configure:4001: checking that generated files are newer than configure
configure:4007: result: done
configure:4030: creating ./config.status

## ---------------------- ##
## Running config.status. ##
## ---------------------- ##

This file was extended by pdf2svg config.status 0.2.1, which was
generated by GNU Autoconf 2.69.  Invocation command line was

  CONFIG_FILES    = 
  CONFIG_HEADERS  = 
  CONFIG_LINKS    = 
  CONFIG_COMMANDS = 
  $ ./config.status 

on buildkitsandbox

config.status:781: creating Makefile
config.status:953: executing depfiles commands

## ---------------- ##
## Cache variables. ##
## ---------------- ##

ac_cv_c_compiler_gnu='yes'
ac_cv_c_const='yes'
ac_cv_env_CAIRO_CFLAGS_set=''
ac_cv_env_CAIRO_CFLAGS_value=''
ac_cv_env_CAIRO_LIBS_set=''
ac_cv_env_CAIRO_LIBS_value=''
ac_cv_env_CC_set=''
ac_cv_env_CC_value=''
ac_cv_env_CFLAGS_set=''
ac_cv_env_CFLAGS_value=''
ac_cv_env_CPPFLAGS_set=''
ac_cv_env_CPPFLAGS_value=''
ac_cv_env_LDFLAGS_set=''
ac_cv_env_LDFLAGS_value=''
ac_cv_env_LIBS_set=''
ac_cv_env_LIBS_value=''
ac_cv_env_PKG_CONFIG_LIBDIR_set=''
ac_cv_env_PKG_CONFIG_LIBDIR_value=''
ac_cv_env_PKG_CONFIG_PATH_set=''
ac_cv_env_PKG_CONFIG_PATH_value=''
ac_cv_env_PKG_CONFIG_set=''
ac_cv_env_PKG_CONFIG_value=''
ac_cv_env_POPPLERGLIB_CFLAGS_set=''
ac_cv_env_POPPLERGLIB_CFLAGS_value=''
ac_cv_env_POPPLERGLIB_LIBS_set=''
ac_cv_env_POPPLERGLIB_LIBS_value=''
ac_cv_env_build_alias_set=''
ac_cv_env_build_alias_value=''
ac_cv_env_host_alias_set=''
ac_cv_env_host_alias_value=''
ac_cv_env_target_alias_set=''
ac_cv_env_target_alias_value=''
ac_cv_objext='o'
ac_cv_path_ac_pt_PKG_CONFIG='/usr/bin/pkg-config'
ac_cv_path_install='/usr/bin/install -c'
ac_cv_prog_AWK='awk'
ac_cv_prog_ac_ct_CC='gcc'
ac_cv_prog_cc_c89=''
ac_cv_prog_cc_g='yes'
ac_cv_prog_make_make_set='yes'
am_cv_CC_dependencies_compiler_type='gcc3'
am_cv_make_support_nested_variables='yes'
am_cv_prog_cc_c_o='yes'
pkg_cv_CAIRO_CFLAGS='-I/usr/include/cairo -I/usr/include/glib-2.0 -I/usr/lib/glib-2.0/include -I/usr/include/pixman-1 -I/usr/include/freetype2 -I/usr/include/libpng16 -I/usr/include/uuid '
pkg_cv_CAIRO_LIBS='-lcairo '
pkg_cv_POPPLERGLIB_CFLAGS='-I/usr/include/poppler/glib -I/usr/include/glib-2.0 -I/usr/lib/glib-2.0/include -I/usr/include/cairo -I/usr/include/pixman-1 -I/usr/include/freetype2 -I/usr/include/libpng16 -I/usr/include/uuid -I/usr/include/poppler '
pkg_cv_POPPLERGLIB_LIBS='-lpoppler-glib -lgobject-2.0 -lglib-2.0 -lintl -lcairo '

## ----------------- ##
## Output variables. ##
## ----------------- ##

ACLOCAL='aclocal-1.15'
AMDEPBACKSLASH='\'
AMDEP_FALSE='#'
AMDEP_TRUE=''
AMTAR='$${TAR-tar}'
AM_BACKSLASH='\'
AM_DEFAULT_V='$(AM_DEFAULT_VERBOSITY)'
AM_DEFAULT_VERBOSITY='1'
AM_V='$(V)'
AUTOCONF='autoconf'
AUTOHEADER='autoheader'
AUTOMAKE='automake-1.15'
AWK='awk'
CAIRO_CFLAGS='-I/usr/include/cairo -I/usr/include/glib-2.0 -I/usr/lib/glib-2.0/include -I/usr/include/pixman-1 -I/usr/include/freetype2 -I/usr/include/libpng16 -I/usr/include/uuid '
CAIRO_LIBS='-lcairo '
CC='gcc'
CCDEPMODE='depmode=gcc3'
CFLAGS='-g -O2'
CPPFLAGS=''
CYGPATH_W='echo'
DEFS='-DPACKAGE_NAME=\"pdf2svg\" -DPACKAGE_TARNAME=\"pdf2svg\" -DPACKAGE_VERSION=\"0.2.1\" -DPACKAGE_STRING=\"pdf2svg\ 0.2.1\" -DPACKAGE_BUGREPORT=\"David\ Barton\ \<davebarton@cityinthesky.co.uk\>\" -DPACKAGE_URL=\"\" -DPACKAGE=\"pdf2svg\" -DVERSION=\"0.2.1\"'
DEPDIR='.deps'
ECHO_C=''
ECHO_N='-n'
ECHO_T=''
EXEEXT=''
INSTALL_DATA='${INSTALL} -m 644'
INSTALL_PROGRAM='${INSTALL}'
INSTALL_SCRIPT='${INSTALL}'
INSTALL_STRIP_PROGRAM='$(install_sh) -c -s'
LDFLAGS=''
LIBOBJS=''
LIBS=''
LTLIBOBJS=''
MAKEINFO='makeinfo'
MKDIR_P='./install-sh -c -d'
OBJEXT='o'
PACKAGE='pdf2svg'
PACKAGE_BUGREPORT='David Barton <davebarton@cityinthesky.co.uk>'
PACKAGE_NAME='pdf2svg'
PACKAGE_STRING='pdf2svg 0.2.1'
PACKAGE_TARNAME='pdf2svg'
PACKAGE_URL=''
PACKAGE_VERSION='0.2.1'
PATH_SEPARATOR=':'
PKG_CONFIG='/usr/bin/pkg-config'
PKG_CONFIG_LIBDIR=''
PKG_CONFIG_PATH=''
POPPLERGLIB_CFLAGS='-I/usr/include/poppler/glib -I/usr/include/glib-2.0 -I/usr/lib/glib-2.0/include -I/usr/include/cairo -I/usr/include/pixman-1 -I/usr/include/freetype2 -I/usr/include/libpng16 -I/usr/include/uuid -I/usr/include/poppler '
POPPLERGLIB_LIBS='-lpoppler-glib -lgobject-2.0 -lglib-2.0 -lintl -lcairo '
SET_MAKE=''
SHELL='/bin/sh'
STRIP=''
VERSION='0.2.1'
ac_ct_CC='gcc'
am__EXEEXT_FALSE=''
am__EXEEXT_TRUE='#'
am__fastdepCC_FALSE='#'
am__fastdepCC_TRUE=''
am__include='include'
am__isrc=''
am__leading_dot='.'
am__nodep='_no'
am__quote=''
am__tar='$${TAR-tar} chof - "$$tardir"'
am__untar='$${TAR-tar} xf -'
bindir='${exec_prefix}/bin'
build_alias=''
datadir='${datarootdir}'
datarootdir='${prefix}/share'
docdir='${datarootdir}/doc/${PACKAGE_TARNAME}'
dvidir='${docdir}'
exec_prefix='${prefix}'
host_alias=''
htmldir='${docdir}'
includedir='${prefix}/include'
infodir='${datarootdir}/info'
install_sh='${SHELL} /srv/jekyll/pdf2svg-0.2.3/install-sh'
libdir='${exec_prefix}/lib'
libexecdir='${exec_prefix}/libexec'
localedir='${datarootdir}/locale'
localstatedir='${prefix}/var'
mandir='${datarootdir}/man'
mkdir_p='$(MKDIR_P)'
oldincludedir='/usr/include'
pdfdir='${docdir}'
prefix='/usr/local'
program_transform_name='s,x,x,'
psdir='${docdir}'
sbindir='${exec_prefix}/sbin'
sharedstatedir='${prefix}/com'
sysconfdir='${prefix}/etc'
target_alias=''

## ----------- ##
## confdefs.h. ##
## ----------- ##

/* confdefs.h */
#define PACKAGE_NAME "pdf2svg"
#define PACKAGE_TARNAME "pdf2svg"
#define PACKAGE_VERSION "0.2.1"
#define PACKAGE_STRING "pdf2svg 0.2.1"
#define PACKAGE_BUGREPORT "David Barton <davebarton@cityinthesky.co.uk>"
#define PACKAGE_URL ""
#define PACKAGE "pdf2svg"
#define VERSION "0.2.1"

configure: exit 0
